<?xml version="1.0" encoding="UTF-8" ?>
<testsuite errors="0" failures="0" hostname="powerstationII" name="de.je.jmeta.context.JMetaContextTest" tests="1" time="0.594" timestamp="2012-02-19T18:34:12">
  <properties>
[...]
</properties>
  <testcase classname="de.je.jmeta.context.JMetaContextTest" name="test_getInstance" time="0.547" />
  <system-out><![CDATA[H:\dev_3.0\Topcased-4.3.0\plugins\org.apache.ant_1.7.1.v20100518-1145\lib\ant.jar;H:\dev_3.0\Topcased-4.3.0\plugins\org.apache.ant_1.7.1.v20100518-1145\lib\ant-antlr.jar;H:\dev_3.0\Topcased-4.3.0\plugins\org.apache.ant_1.7.1.v20100518-1145\lib\ant-apache-bcel.jar;H:\dev_3.0\Topcased-4.3.0\plugins\org.apache.ant_1.7.1.v20100518-1145\lib\ant-apache-bsf.jar;H:\dev_3.0\Topcased-4.3.0\plugins\org.apache.ant_1.7.1.v20100518-1145\lib\ant-apache-log4j.jar;H:\dev_3.0\Topcased-4.3.0\plugins\org.apache.ant_1.7.1.v20100518-1145\lib\ant-apache-oro.jar;H:\dev_3.0\Topcased-4.3.0\plugins\org.apache.ant_1.7.1.v20100518-1145\lib\ant-apache-regexp.jar;H:\dev_3.0\Topcased-4.3.0\plugins\org.apache.ant_1.7.1.v20100518-1145\lib\ant-apache-resolver.jar;H:\dev_3.0\Topcased-4.3.0\plugins\org.apache.ant_1.7.1.v20100518-1145\lib\ant-commons-logging.jar;H:\dev_3.0\Topcased-4.3.0\plugins\org.apache.ant_1.7.1.v20100518-1145\lib\ant-commons-net.jar;H:\dev_3.0\Topcased-4.3.0\plugins\org.apache.ant_1.7.1.v20100518-1145\lib\ant-jai.jar;H:\dev_3.0\Topcased-4.3.0\plugins\org.apache.ant_1.7.1.v20100518-1145\lib\ant-javamail.jar;H:\dev_3.0\Topcased-4.3.0\plugins\org.apache.ant_1.7.1.v20100518-1145\lib\ant-jdepend.jar;H:\dev_3.0\Topcased-4.3.0\plugins\org.apache.ant_1.7.1.v20100518-1145\lib\ant-jmf.jar;H:\dev_3.0\Topcased-4.3.0\plugins\org.apache.ant_1.7.1.v20100518-1145\lib\ant-jsch.jar;H:\dev_3.0\Topcased-4.3.0\plugins\org.apache.ant_1.7.1.v20100518-1145\lib\ant-junit.jar;H:\dev_3.0\Topcased-4.3.0\plugins\org.apache.ant_1.7.1.v20100518-1145\lib\ant-launcher.jar;H:\dev_3.0\Topcased-4.3.0\plugins\org.apache.ant_1.7.1.v20100518-1145\lib\ant-netrexx.jar;H:\dev_3.0\Topcased-4.3.0\plugins\org.apache.ant_1.7.1.v20100518-1145\lib\ant-nodeps.jar;H:\dev_3.0\Topcased-4.3.0\plugins\org.apache.ant_1.7.1.v20100518-1145\lib\ant-starteam.jar;H:\dev_3.0\Topcased-4.3.0\plugins\org.apache.ant_1.7.1.v20100518-1145\lib\ant-stylebook.jar;H:\dev_3.0\Topcased-4.3.0\plugins\org.apache.ant_1.7.1.v20100518-1145\lib\ant-swing.jar;H:\dev_3.0\Topcased-4.3.0\plugins\org.apache.ant_1.7.1.v20100518-1145\lib\ant-trax.jar;H:\dev_3.0\Topcased-4.3.0\plugins\org.apache.ant_1.7.1.v20100518-1145\lib\ant-weblogic.jar;H:\dev_3.0\Topcased-4.3.0\configuration\org.eclipse.osgi\bundles\141\1\.cp\lib\antdebug.jar;H:\dev_3.0\Topcased-4.3.0\configuration\org.eclipse.osgi\bundles\141\1\.cp\lib\remote.jar;H:\dev_3.0\Topcased-4.3.0\configuration\org.eclipse.osgi\bundles\142\1\.cp\lib\remoteAnt.jar;H:\dev_3.0\javadev\java\lib\tools.jar;H:\dev_3.0\Topcased-4.3.0\plugins\org.eclipse.swt.win32.win32.x86_3.6.1.v3655c.jar
null
sun.net.www.protocol.jar.JarURLConnection$JarURLInputStream@737371
-1
file:/H:/dev_3.0/javadev/ws/EasyTag_Deployment/Deployment_Filesystem/jMeta_vX.X.X/jMeta.jar!/de/je/jmeta/context/iface/config/ComponentConfiguration.xml

file:/H:/dev_3.0/javadev/ws/EasyTag_Deployment/Deployment_Filesystem/jMeta_vX.X.X/jMeta.jar!/de/je/jmeta/context/iface/config/ComponentConfiguration.xml
-1
jar
null
null
null
null
sun.net.www.protocol.jar.JarURLConnection$JarURLInputStream@17b4703
-1
file:/H:/dev_3.0/javadev/ws/EasyTag_Deployment/Deployment_Filesystem/jMeta_vX.X.X/jMeta.jar!/de/je/jmeta/context/iface/config/ComponentConfiguration.xml

file:/H:/dev_3.0/javadev/ws/EasyTag_Deployment/Deployment_Filesystem/jMeta_vX.X.X/jMeta.jar!/de/je/jmeta/context/iface/config/ComponentConfiguration.xml
-1
jar
null
null
null
]]></system-out>
  <system-err><![CDATA[19.02.2012 19:34:12 de.je.jmeta.context.iface.JMetaContext get
INFO: 

 ......  [STARTING]   Loading component configuration ...... 


19.02.2012 19:34:12 de.je.registry.ComponentRegistry getInstance
INFO: Processing component configuration stream with id <config/ComponentConfiguration.xml> ... 
19.02.2012 19:34:12 de.je.registry.ComponentRegistry registerComponents
INFO: Trying to register component <DataFormats>
19.02.2012 19:34:12 de.je.registry.ComponentRegistry registerComponents
INFO: Successfully registered component <DataFormats>
19.02.2012 19:34:12 de.je.registry.ComponentRegistry registerComponents
INFO: Trying to register component <Configuration>
19.02.2012 19:34:12 de.je.registry.ComponentRegistry registerComponents
INFO: Successfully registered component <Configuration>
19.02.2012 19:34:12 de.je.registry.ComponentRegistry registerComponents
INFO: Trying to register component <DataBlocks>
19.02.2012 19:34:12 de.je.registry.ComponentRegistry registerComponents
INFO: Successfully registered component <DataBlocks>
19.02.2012 19:34:12 de.je.registry.ComponentRegistry registerComponents
INFO: Trying to register component <jMetaContext>
19.02.2012 19:34:12 de.je.registry.ComponentRegistry registerComponents
INFO: Successfully registered component <jMetaContext>
19.02.2012 19:34:12 de.je.registry.ComponentRegistry registerComponents
INFO: Trying to register component <Media>
19.02.2012 19:34:12 de.je.registry.ComponentRegistry registerComponents
INFO: Successfully registered component <Media>
19.02.2012 19:34:12 de.je.registry.ComponentRegistry registerComponents
INFO: Trying to register component <Logging>
19.02.2012 19:34:12 de.je.registry.ComponentRegistry registerComponents
INFO: Successfully registered component <Logging>
19.02.2012 19:34:12 de.je.registry.ComponentRegistry registerComponents
INFO: Trying to register component <ExtensionManagement>
19.02.2012 19:34:12 de.je.registry.ComponentRegistry registerComponents
INFO: Successfully registered component <ExtensionManagement>
19.02.2012 19:34:12 de.je.registry.ComponentRegistry getInstance
INFO: Finished reading component configuration stream with id <config/ComponentConfiguration.xml>
19.02.2012 19:34:12 de.je.jmeta.context.iface.JMetaContext get
INFO: 

 ......  [SUCCESSFUL] Loading component configuration ...... 


]]></system-err>
</testsuite>
